{"time":"2026-04-16 09:30:55","label":"request_start","context":{"uri":"/?action=auth_bootstrap_status","method":"GET","sapi":"cli-server","php_version":"8.1.34"}}
{"time":"2026-04-16 09:30:55","label":"request_start","context":{"uri":"/?action=auth_bootstrap_status","method":"GET","sapi":"cli-server","php_version":"8.1.34"}}
{"time":"2026-04-16 09:30:55","label":"request_start","context":{"uri":"/?action=events_list&limit=1","method":"GET","sapi":"cli-server","php_version":"8.1.34"}}
{"time":"2026-04-16 09:30:55","label":"request_start","context":{"uri":"/?action=event_popup","method":"GET","sapi":"cli-server","php_version":"8.1.34"}}
{"time":"2026-04-16 09:30:55","label":"request_start","context":{"uri":"/?action=counter","method":"GET","sapi":"cli-server","php_version":"8.1.34"}}
{"time":"2026-04-16 09:30:55","label":"request_start","context":{"uri":"/?action=submit_lead","method":"POST","sapi":"cli-server","php_version":"8.1.34"}}
{"time":"2026-04-16 09:30:55","label":"request_start","context":{"uri":"/?action=auth_login","method":"POST","sapi":"cli-server","php_version":"8.1.34"}}
{"time":"2026-04-16 09:30:56","label":"request_start","context":{"uri":"/?action=auth_bootstrap_status","method":"GET","sapi":"cli-server","php_version":"8.1.34"}}
{"time":"2026-04-16 09:42:30","label":"request_start","context":{"uri":"/?action=auth_bootstrap_status","method":"GET","sapi":"cli-server","php_version":"8.1.34"}}
{"time":"2026-04-16 09:42:30","label":"request_start","context":{"uri":"/?action=auth_bootstrap_status","method":"GET","sapi":"cli-server","php_version":"8.1.34"}}
{"time":"2026-04-16 09:42:30","label":"request_start","context":{"uri":"/?action=events_list&limit=1","method":"GET","sapi":"cli-server","php_version":"8.1.34"}}
{"time":"2026-04-16 09:42:30","label":"request_start","context":{"uri":"/?action=event_popup","method":"GET","sapi":"cli-server","php_version":"8.1.34"}}
{"time":"2026-04-16 09:42:31","label":"request_start","context":{"uri":"/?action=counter","method":"GET","sapi":"cli-server","php_version":"8.1.34"}}
{"time":"2026-04-16 09:42:31","label":"request_start","context":{"uri":"/?action=submit_lead","method":"POST","sapi":"cli-server","php_version":"8.1.34"}}
{"time":"2026-04-16 09:42:31","label":"request_start","context":{"uri":"/?action=auth_login","method":"POST","sapi":"cli-server","php_version":"8.1.34"}}
{"time":"2026-04-16 09:42:53","label":"request_start","context":{"uri":"/index.php","method":"POST","sapi":"cli-server","php_version":"8.1.34"}}
{"time":"2026-04-16 09:42:54","label":"request_start","context":{"uri":"/index.php","method":"POST","sapi":"cli-server","php_version":"8.1.34"}}
{"time":"2026-04-16 09:42:54","label":"request_start","context":{"uri":"/index.php","method":"POST","sapi":"cli-server","php_version":"8.1.34"}}
{"time":"2026-04-16 09:42:54","label":"request_start","context":{"uri":"/index.php?action=events_list","method":"GET","sapi":"cli-server","php_version":"8.1.34"}}
{"time":"2026-04-16 09:42:55","label":"request_start","context":{"uri":"/index.php","method":"POST","sapi":"cli-server","php_version":"8.1.34"}}
{"time":"2026-04-16 09:42:55","label":"request_start","context":{"uri":"/index.php","method":"POST","sapi":"cli-server","php_version":"8.1.34"}}
{"time":"2026-04-16 09:42:55","label":"request_start","context":{"uri":"/index.php","method":"POST","sapi":"cli-server","php_version":"8.1.34"}}
{"time":"2026-04-16 09:42:55","label":"request_start","context":{"uri":"/index.php?action=admin_cash_summary&ledgerDate=2026-04-16&token=eyJhbGciOiJIUzI1NiIsInR5cCI6IkpXVCJ9.eyJzdWIiOiI5MDAwMDAwMDAxIiwicm9sZSI6ImFkbWluIiwibmFtZSI6IlRlc3QgQWRtaW4iLCJpYXQiOjE3NzYzMzI1NzQsImV4cCI6MTc3NjM2MTM3NH0.VzG2wk3UBm9HIF8Dei-mHPYWHP6O-JuSzUWroP-UKZg","method":"GET","sapi":"cli-server","php_version":"8.1.34"}}
{"time":"2026-04-16 09:42:55","label":"request_start","context":{"uri":"/index.php","method":"POST","sapi":"cli-server","php_version":"8.1.34"}}
{"time":"2026-04-16 09:42:55","label":"request_start","context":{"uri":"/index.php?action=superadmin_cash_dashboard&token=eyJhbGciOiJIUzI1NiIsInR5cCI6IkpXVCJ9.eyJzdWIiOiI5MzcxNTE5OTk5Iiwicm9sZSI6InN1cGVyYWRtaW4iLCJuYW1lIjoiU3VwZXIgQWRtaW4iLCJpYXQiOjE3NzYzMzI1NzQsImV4cCI6MTc3NjM2MTM3NH0.vW7SoPY_kKUvsn9Q0ohjIvBjZLjbofUHpdsMr_tkZK4","method":"GET","sapi":"cli-server","php_version":"8.1.34"}}
{"time":"2026-04-16 09:42:56","label":"request_start","context":{"uri":"/index.php?action=event_guest_report&eventId=dj-raj-2026-apr&token=eyJhbGciOiJIUzI1NiIsInR5cCI6IkpXVCJ9.eyJzdWIiOiI5MDAwMDAwMDAxIiwicm9sZSI6ImFkbWluIiwibmFtZSI6IlRlc3QgQWRtaW4iLCJpYXQiOjE3NzYzMzI1NzQsImV4cCI6MTc3NjM2MTM3NH0.VzG2wk3UBm9HIF8Dei-mHPYWHP6O-JuSzUWroP-UKZg","method":"GET","sapi":"cli-server","php_version":"8.1.34"}}
{"time":"2026-04-16 09:42:56","label":"request_start","context":{"uri":"/index.php?action=event_transactions_report&eventId=dj-raj-2026-apr&token=eyJhbGciOiJIUzI1NiIsInR5cCI6IkpXVCJ9.eyJzdWIiOiI5MDAwMDAwMDAxIiwicm9sZSI6ImFkbWluIiwibmFtZSI6IlRlc3QgQWRtaW4iLCJpYXQiOjE3NzYzMzI1NzQsImV4cCI6MTc3NjM2MTM3NH0.VzG2wk3UBm9HIF8Dei-mHPYWHP6O-JuSzUWroP-UKZg","method":"GET","sapi":"cli-server","php_version":"8.1.34"}}
{"time":"2026-04-16 09:42:56","label":"request_start","context":{"uri":"/index.php","method":"POST","sapi":"cli-server","php_version":"8.1.34"}}
{"time":"2026-04-16 09:42:57","label":"request_start","context":{"uri":"/backend/api_settings.php","method":"POST","sapi":"cli-server","php_version":"8.1.34"}}
{"time":"2026-04-16 09:42:57","label":"request_start","context":{"uri":"/?action=auth_list_users","method":"GET","sapi":"cli-server","php_version":"8.1.34"}}
{"time":"2026-04-16 09:44:00","label":"request_start","context":{"uri":"/?action=auth_login","method":"POST","sapi":"cli-server","php_version":"8.1.34"}}
{"time":"2026-04-16 09:44:01","label":"request_start","context":{"uri":"/?action=auth_list_users&token=eyJhbGciOiJIUzI1NiIsInR5cCI6IkpXVCJ9.eyJzdWIiOiI5MzcxNTE5OTk5Iiwicm9sZSI6InN1cGVyYWRtaW4iLCJuYW1lIjoiU3VwZXIgQWRtaW4iLCJpYXQiOjE3NzYzMzI2NDAsImV4cCI6MTc3NjM2MTQ0MH0.uV88xCSk51Xz_OS92DWeOiNh2ikPlEaoIhKrYgbB7Tc","method":"GET","sapi":"cli-server","php_version":"8.1.34"}}
{"time":"2026-04-16 09:44:01","label":"request_start","context":{"uri":"/?action=admin_menu_editor_load&sheetType=food&token=eyJhbGciOiJIUzI1NiIsInR5cCI6IkpXVCJ9.eyJzdWIiOiI5MzcxNTE5OTk5Iiwicm9sZSI6InN1cGVyYWRtaW4iLCJuYW1lIjoiU3VwZXIgQWRtaW4iLCJpYXQiOjE3NzYzMzI2NDAsImV4cCI6MTc3NjM2MTQ0MH0.uV88xCSk51Xz_OS92DWeOiNh2ikPlEaoIhKrYgbB7Tc","method":"GET","sapi":"cli-server","php_version":"8.1.34"}}
{"time":"2026-04-16 09:44:01","label":"request_start","context":{"uri":"/?action=events_list&limit=5","method":"GET","sapi":"cli-server","php_version":"8.1.34"}}
{"time":"2026-04-16 09:44:01","label":"request_start","context":{"uri":"/?action=event_guest_report&eventId=dj-raj-2026-apr&token=eyJhbGciOiJIUzI1NiIsInR5cCI6IkpXVCJ9.eyJzdWIiOiI5MzcxNTE5OTk5Iiwicm9sZSI6InN1cGVyYWRtaW4iLCJuYW1lIjoiU3VwZXIgQWRtaW4iLCJpYXQiOjE3NzYzMzI2NDAsImV4cCI6MTc3NjM2MTQ0MH0.uV88xCSk51Xz_OS92DWeOiNh2ikPlEaoIhKrYgbB7Tc","method":"GET","sapi":"cli-server","php_version":"8.1.34"}}
{"time":"2026-04-16 09:44:01","label":"request_start","context":{"uri":"/?action=event_transactions_report&eventId=dj-raj-2026-apr&token=eyJhbGciOiJIUzI1NiIsInR5cCI6IkpXVCJ9.eyJzdWIiOiI5MzcxNTE5OTk5Iiwicm9sZSI6InN1cGVyYWRtaW4iLCJuYW1lIjoiU3VwZXIgQWRtaW4iLCJpYXQiOjE3NzYzMzI2NDAsImV4cCI6MTc3NjM2MTQ0MH0.uV88xCSk51Xz_OS92DWeOiNh2ikPlEaoIhKrYgbB7Tc","method":"GET","sapi":"cli-server","php_version":"8.1.34"}}
{"time":"2026-04-16 09:44:02","label":"request_start","context":{"uri":"/?action=admin_cash_summary&ledgerDate=2026-04-16&token=eyJhbGciOiJIUzI1NiIsInR5cCI6IkpXVCJ9.eyJzdWIiOiI5MzcxNTE5OTk5Iiwicm9sZSI6InN1cGVyYWRtaW4iLCJuYW1lIjoiU3VwZXIgQWRtaW4iLCJpYXQiOjE3NzYzMzI2NDAsImV4cCI6MTc3NjM2MTQ0MH0.uV88xCSk51Xz_OS92DWeOiNh2ikPlEaoIhKrYgbB7Tc","method":"GET","sapi":"cli-server","php_version":"8.1.34"}}
{"time":"2026-04-16 09:44:02","label":"request_start","context":{"uri":"/?action=superadmin_cash_dashboard&token=eyJhbGciOiJIUzI1NiIsInR5cCI6IkpXVCJ9.eyJzdWIiOiI5MzcxNTE5OTk5Iiwicm9sZSI6InN1cGVyYWRtaW4iLCJuYW1lIjoiU3VwZXIgQWRtaW4iLCJpYXQiOjE3NzYzMzI2NDAsImV4cCI6MTc3NjM2MTQ0MH0.uV88xCSk51Xz_OS92DWeOiNh2ikPlEaoIhKrYgbB7Tc","method":"GET","sapi":"cli-server","php_version":"8.1.34"}}
{"time":"2026-04-16 09:44:02","label":"request_start","context":{"uri":"/backend/api_settings.php","method":"POST","sapi":"cli-server","php_version":"8.1.34"}}
{"time":"2026-04-16 09:45:10","label":"request_start","context":{"uri":"/?action=auth_login","method":"POST","sapi":"cli-server","php_version":"8.1.34"}}
{"time":"2026-04-16 09:45:10","label":"request_start","context":{"uri":"/api_settings.php","method":"POST","sapi":"cli-server","php_version":"8.1.34"}}
{"time":"2026-04-16 09:45:49","label":"request_start","context":{"uri":"/?action=auth_login","method":"POST","sapi":"cli-server","php_version":"8.1.34"}}
{"time":"2026-04-16 09:45:50","label":"request_start","context":{"uri":"/?action=admin_menu_editor_load","method":"POST","sapi":"cli-server","php_version":"8.1.34"}}
{"time":"2026-04-16 09:45:51","label":"request_start","context":{"uri":"/backend/api_settings.php","method":"POST","sapi":"cli-server","php_version":"8.1.34"}}
{"time":"2026-04-16 09:46:24","label":"request_start","context":{"uri":"/?action=auth_login","method":"POST","sapi":"cli-server","php_version":"8.1.34"}}
{"time":"2026-04-16 09:46:24","label":"request_start","context":{"uri":"/backend/api_settings.php","method":"POST","sapi":"cli-server","php_version":"8.1.34"}}
{"time":"2026-04-16 10:09:01","label":"request_start","context":{"uri":"/?action=auth_bootstrap_status","method":"GET","sapi":"cli-server","php_version":"8.1.34"}}
{"time":"2026-04-16 10:09:33","label":"request_start","context":{"uri":"/?action=auth_bootstrap_status","method":"GET","sapi":"cli-server","php_version":"8.1.34"}}
{"time":"2026-04-16 10:09:33","label":"request_start","context":{"uri":"/?action=auth_login","method":"POST","sapi":"cli-server","php_version":"8.1.34"}}
{"time":"2026-04-16 10:09:34","label":"request_start","context":{"uri":"/?action=auth_create_user","method":"POST","sapi":"cli-server","php_version":"8.1.34"}}
{"time":"2026-04-16 10:09:34","label":"request_start","context":{"uri":"/?action=auth_set_user_permissions","method":"POST","sapi":"cli-server","php_version":"8.1.34"}}
{"time":"2026-04-16 10:09:34","label":"request_start","context":{"uri":"/?action=auth_set_user_status","method":"POST","sapi":"cli-server","php_version":"8.1.34"}}
{"time":"2026-04-16 10:09:35","label":"request_start","context":{"uri":"/?action=auth_set_user_status","method":"POST","sapi":"cli-server","php_version":"8.1.34"}}
{"time":"2026-04-16 10:09:35","label":"request_start","context":{"uri":"/?action=auth_reset_password","method":"POST","sapi":"cli-server","php_version":"8.1.34"}}
{"time":"2026-04-16 10:09:35","label":"request_start","context":{"uri":"/?action=auth_login","method":"POST","sapi":"cli-server","php_version":"8.1.34"}}
{"time":"2026-04-16 10:09:35","label":"request_start","context":{"uri":"/?action=auth_change_password","method":"POST","sapi":"cli-server","php_version":"8.1.34"}}
{"time":"2026-04-16 10:09:36","label":"request_start","context":{"uri":"/?action=auth_login","method":"POST","sapi":"cli-server","php_version":"8.1.34"}}
{"time":"2026-04-16 10:09:36","label":"request_start","context":{"uri":"/?action=auth_set_api_settings","method":"POST","sapi":"cli-server","php_version":"8.1.34"}}
{"time":"2026-04-16 10:09:36","label":"request_start","context":{"uri":"/?action=admin_create_event","method":"POST","sapi":"cli-server","php_version":"8.1.34"}}
{"time":"2026-04-16 10:09:36","label":"request_start","context":{"uri":"/?action=admin_update_event","method":"POST","sapi":"cli-server","php_version":"8.1.34"}}
{"time":"2026-04-16 10:09:37","label":"request_start","context":{"uri":"/?action=admin_toggle_event","method":"POST","sapi":"cli-server","php_version":"8.1.34"}}
{"time":"2026-04-16 10:09:37","label":"request_start","context":{"uri":"/?action=admin_toggle_event","method":"POST","sapi":"cli-server","php_version":"8.1.34"}}
{"time":"2026-04-16 10:09:37","label":"request_start","context":{"uri":"/?action=admin_list_events","method":"POST","sapi":"cli-server","php_version":"8.1.34"}}
{"time":"2026-04-16 10:10:23","label":"request_start","context":{"uri":"/?action=auth_bootstrap_status","method":"GET","sapi":"cli-server","php_version":"8.1.34"}}
{"time":"2026-04-16 10:10:23","label":"request_start","context":{"uri":"/?action=auth_login","method":"POST","sapi":"cli-server","php_version":"8.1.34"}}
{"time":"2026-04-16 10:10:24","label":"request_start","context":{"uri":"/?action=auth_create_user","method":"POST","sapi":"cli-server","php_version":"8.1.34"}}
{"time":"2026-04-16 10:10:24","label":"request_start","context":{"uri":"/?action=auth_set_user_permissions","method":"POST","sapi":"cli-server","php_version":"8.1.34"}}
{"time":"2026-04-16 10:10:24","label":"request_start","context":{"uri":"/?action=auth_set_user_status","method":"POST","sapi":"cli-server","php_version":"8.1.34"}}
{"time":"2026-04-16 10:10:24","label":"request_start","context":{"uri":"/?action=auth_set_user_status","method":"POST","sapi":"cli-server","php_version":"8.1.34"}}
{"time":"2026-04-16 10:10:25","label":"request_start","context":{"uri":"/?action=auth_reset_password","method":"POST","sapi":"cli-server","php_version":"8.1.34"}}
{"time":"2026-04-16 10:10:25","label":"request_start","context":{"uri":"/?action=auth_login","method":"POST","sapi":"cli-server","php_version":"8.1.34"}}
{"time":"2026-04-16 10:10:25","label":"request_start","context":{"uri":"/?action=auth_change_password","method":"POST","sapi":"cli-server","php_version":"8.1.34"}}
{"time":"2026-04-16 10:10:25","label":"request_start","context":{"uri":"/?action=auth_login","method":"POST","sapi":"cli-server","php_version":"8.1.34"}}
{"time":"2026-04-16 10:10:26","label":"request_start","context":{"uri":"/?action=auth_set_api_settings","method":"POST","sapi":"cli-server","php_version":"8.1.34"}}
{"time":"2026-04-16 10:10:26","label":"request_start","context":{"uri":"/?action=admin_create_event","method":"POST","sapi":"cli-server","php_version":"8.1.34"}}
{"time":"2026-04-16 10:10:26","label":"request_start","context":{"uri":"/?action=admin_update_event","method":"POST","sapi":"cli-server","php_version":"8.1.34"}}
{"time":"2026-04-16 10:10:26","label":"request_start","context":{"uri":"/?action=admin_toggle_event","method":"POST","sapi":"cli-server","php_version":"8.1.34"}}
{"time":"2026-04-16 10:10:26","label":"request_start","context":{"uri":"/?action=admin_toggle_event","method":"POST","sapi":"cli-server","php_version":"8.1.34"}}
{"time":"2026-04-16 10:10:26","label":"request_start","context":{"uri":"/?action=admin_list_events&token=eyJhbGciOiJIUzI1NiIsInR5cCI6IkpXVCJ9.eyJzdWIiOiI5NTIxNjUzMDAxIiwicm9sZSI6ImFkbWluIiwibmFtZSI6IkRVTU1ZIEUyRSBVU0VSIiwiaWF0IjoxNzc2MzM0MjI1LCJleHAiOjE3NzYzNjMwMjV9.0GxBnAvg6K0hxbkul5GK-UoghIFzMSF0PX1qwmWaWSw","method":"GET","sapi":"cli-server","php_version":"8.1.34"}}
{"time":"2026-04-16 10:10:27","label":"request_start","context":{"uri":"/?action=event_guest_report&token=eyJhbGciOiJIUzI1NiIsInR5cCI6IkpXVCJ9.eyJzdWIiOiI5NTIxNjUzMDAxIiwicm9sZSI6ImFkbWluIiwibmFtZSI6IkRVTU1ZIEUyRSBVU0VSIiwiaWF0IjoxNzc2MzM0MjI1LCJleHAiOjE3NzYzNjMwMjV9.0GxBnAvg6K0hxbkul5GK-UoghIFzMSF0PX1qwmWaWSw&eventId=dummy-e2e-20260416154026","method":"GET","sapi":"cli-server","php_version":"8.1.34"}}
{"time":"2026-04-16 10:10:27","label":"request_start","context":{"uri":"/?action=admin_menu_editor_add_row","method":"POST","sapi":"cli-server","php_version":"8.1.34"}}
{"time":"2026-04-16 10:10:27","label":"request_start","context":{"uri":"/?action=admin_menu_editor_save_changes","method":"POST","sapi":"cli-server","php_version":"8.1.34"}}
{"time":"2026-04-16 10:10:27","label":"request_start","context":{"uri":"/?action=admin_menu_editor_set_visibility","method":"POST","sapi":"cli-server","php_version":"8.1.34"}}
{"time":"2026-04-16 10:10:27","label":"request_start","context":{"uri":"/?action=admin_menu_editor_set_visibility","method":"POST","sapi":"cli-server","php_version":"8.1.34"}}
{"time":"2026-04-16 10:10:27","label":"request_start","context":{"uri":"/?action=admin_menu_editor_delete_rows","method":"POST","sapi":"cli-server","php_version":"8.1.34"}}
{"time":"2026-04-16 10:10:28","label":"request_start","context":{"uri":"/?action=submit_lead","method":"POST","sapi":"cli-server","php_version":"8.1.34"}}
{"time":"2026-04-16 10:10:28","label":"request_start","context":{"uri":"/?action=verify&phone=9833670800","method":"GET","sapi":"cli-server","php_version":"8.1.34"}}
{"time":"2026-04-16 10:10:28","label":"request_start","context":{"uri":"/?action=redeem&token=eyJhbGciOiJIUzI1NiIsInR5cCI6IkpXVCJ9.eyJzdWIiOiI5NTIxNjUzMDAxIiwicm9sZSI6ImFkbWluIiwibmFtZSI6IkRVTU1ZIEUyRSBVU0VSIiwiaWF0IjoxNzc2MzM0MjI1LCJleHAiOjE3NzYzNjMwMjV9.0GxBnAvg6K0hxbkul5GK-UoghIFzMSF0PX1qwmWaWSw&phone=9833670800","method":"GET","sapi":"cli-server","php_version":"8.1.34"}}
{"time":"2026-04-16 10:10:28","label":"request_start","context":{"uri":"/?action=regen_coupon&token=eyJhbGciOiJIUzI1NiIsInR5cCI6IkpXVCJ9.eyJzdWIiOiI5NTIxNjUzMDAxIiwicm9sZSI6ImFkbWluIiwibmFtZSI6IkRVTU1ZIEUyRSBVU0VSIiwiaWF0IjoxNzc2MzM0MjI1LCJleHAiOjE3NzYzNjMwMjV9.0GxBnAvg6K0hxbkul5GK-UoghIFzMSF0PX1qwmWaWSw&phone=9833670800","method":"GET","sapi":"cli-server","php_version":"8.1.34"}}
{"time":"2026-04-16 10:10:28","label":"request_start","context":{"uri":"/?action=qr_scan_client","method":"POST","sapi":"cli-server","php_version":"8.1.34"}}
{"time":"2026-04-16 10:10:28","label":"request_start","context":{"uri":"/?action=qr_report&token=eyJhbGciOiJIUzI1NiIsInR5cCI6IkpXVCJ9.eyJzdWIiOiI5NTIxNjUzMDAxIiwicm9sZSI6ImFkbWluIiwibmFtZSI6IkRVTU1ZIEUyRSBVU0VSIiwiaWF0IjoxNzc2MzM0MjI1LCJleHAiOjE3NzYzNjMwMjV9.0GxBnAvg6K0hxbkul5GK-UoghIFzMSF0PX1qwmWaWSw","method":"GET","sapi":"cli-server","php_version":"8.1.34"}}
{"time":"2026-04-16 10:10:28","label":"request_start","context":{"uri":"/?action=admin_issue_cash_paid_pass","method":"POST","sapi":"cli-server","php_version":"8.1.34"}}
{"time":"2026-04-16 10:10:29","label":"request_start","context":{"uri":"/?action=admin_request_cash_handover","method":"POST","sapi":"cli-server","php_version":"8.1.34"}}
{"time":"2026-04-16 10:10:29","label":"request_start","context":{"uri":"/?action=superadmin_approve_cash_handover","method":"POST","sapi":"cli-server","php_version":"8.1.34"}}
{"time":"2026-04-16 10:11:16","label":"request_start","context":{"uri":"/?action=auth_bootstrap_status","method":"GET","sapi":"cli-server","php_version":"8.1.34"}}
{"time":"2026-04-16 10:11:17","label":"request_start","context":{"uri":"/?action=auth_login","method":"POST","sapi":"cli-server","php_version":"8.1.34"}}
{"time":"2026-04-16 10:11:17","label":"request_start","context":{"uri":"/?action=auth_create_user","method":"POST","sapi":"cli-server","php_version":"8.1.34"}}
{"time":"2026-04-16 10:11:17","label":"request_start","context":{"uri":"/?action=auth_set_user_permissions","method":"POST","sapi":"cli-server","php_version":"8.1.34"}}
{"time":"2026-04-16 10:11:18","label":"request_start","context":{"uri":"/?action=auth_set_user_status","method":"POST","sapi":"cli-server","php_version":"8.1.34"}}
{"time":"2026-04-16 10:11:18","label":"request_start","context":{"uri":"/?action=auth_set_user_status","method":"POST","sapi":"cli-server","php_version":"8.1.34"}}
{"time":"2026-04-16 10:11:18","label":"request_start","context":{"uri":"/?action=auth_reset_password","method":"POST","sapi":"cli-server","php_version":"8.1.34"}}
{"time":"2026-04-16 10:11:18","label":"request_start","context":{"uri":"/?action=auth_login","method":"POST","sapi":"cli-server","php_version":"8.1.34"}}
{"time":"2026-04-16 10:11:19","label":"request_start","context":{"uri":"/?action=auth_change_password","method":"POST","sapi":"cli-server","php_version":"8.1.34"}}
{"time":"2026-04-16 10:11:19","label":"request_start","context":{"uri":"/?action=auth_login","method":"POST","sapi":"cli-server","php_version":"8.1.34"}}
{"time":"2026-04-16 10:11:19","label":"request_start","context":{"uri":"/?action=auth_set_api_settings","method":"POST","sapi":"cli-server","php_version":"8.1.34"}}
{"time":"2026-04-16 10:11:19","label":"request_start","context":{"uri":"/?action=admin_create_event","method":"POST","sapi":"cli-server","php_version":"8.1.34"}}
{"time":"2026-04-16 10:11:19","label":"request_start","context":{"uri":"/?action=admin_update_event","method":"POST","sapi":"cli-server","php_version":"8.1.34"}}
{"time":"2026-04-16 10:11:20","label":"request_start","context":{"uri":"/?action=admin_toggle_event","method":"POST","sapi":"cli-server","php_version":"8.1.34"}}
{"time":"2026-04-16 10:11:20","label":"request_start","context":{"uri":"/?action=admin_toggle_event","method":"POST","sapi":"cli-server","php_version":"8.1.34"}}
{"time":"2026-04-16 10:11:20","label":"request_start","context":{"uri":"/?action=admin_list_events&token=eyJhbGciOiJIUzI1NiIsInR5cCI6IkpXVCJ9.eyJzdWIiOiI5Njg4NDU0MDAxIiwicm9sZSI6ImFkbWluIiwibmFtZSI6IkRVTU1ZIEUyRSBVU0VSIiwiaWF0IjoxNzc2MzM0Mjc5LCJleHAiOjE3NzYzNjMwNzl9.LMtf7YSjOGJwPfG-EtI2ErOzKmNITv3PjBGQuC0JRGg","method":"GET","sapi":"cli-server","php_version":"8.1.34"}}
{"time":"2026-04-16 10:11:20","label":"request_start","context":{"uri":"/?action=event_guest_report&token=eyJhbGciOiJIUzI1NiIsInR5cCI6IkpXVCJ9.eyJzdWIiOiI5Njg4NDU0MDAxIiwicm9sZSI6ImFkbWluIiwibmFtZSI6IkRVTU1ZIEUyRSBVU0VSIiwiaWF0IjoxNzc2MzM0Mjc5LCJleHAiOjE3NzYzNjMwNzl9.LMtf7YSjOGJwPfG-EtI2ErOzKmNITv3PjBGQuC0JRGg&eventId=dummy-e2e-20260416154119","method":"GET","sapi":"cli-server","php_version":"8.1.34"}}
{"time":"2026-04-16 10:11:20","label":"request_start","context":{"uri":"/?action=admin_menu_editor_add_row","method":"POST","sapi":"cli-server","php_version":"8.1.34"}}
{"time":"2026-04-16 10:11:21","label":"request_start","context":{"uri":"/?action=admin_menu_editor_save_changes","method":"POST","sapi":"cli-server","php_version":"8.1.34"}}
{"time":"2026-04-16 10:11:21","label":"request_start","context":{"uri":"/?action=admin_menu_editor_set_visibility","method":"POST","sapi":"cli-server","php_version":"8.1.34"}}
{"time":"2026-04-16 10:11:21","label":"request_start","context":{"uri":"/?action=admin_menu_editor_set_visibility","method":"POST","sapi":"cli-server","php_version":"8.1.34"}}
{"time":"2026-04-16 10:11:21","label":"request_start","context":{"uri":"/?action=admin_menu_editor_delete_rows","method":"POST","sapi":"cli-server","php_version":"8.1.34"}}
{"time":"2026-04-16 10:11:21","label":"request_start","context":{"uri":"/?action=submit_lead","method":"POST","sapi":"cli-server","php_version":"8.1.34"}}
{"time":"2026-04-16 10:11:21","label":"request_start","context":{"uri":"/?action=verify&phone=9817788114","method":"GET","sapi":"cli-server","php_version":"8.1.34"}}
{"time":"2026-04-16 10:11:22","label":"request_start","context":{"uri":"/?action=redeem&token=eyJhbGciOiJIUzI1NiIsInR5cCI6IkpXVCJ9.eyJzdWIiOiI5Njg4NDU0MDAxIiwicm9sZSI6ImFkbWluIiwibmFtZSI6IkRVTU1ZIEUyRSBVU0VSIiwiaWF0IjoxNzc2MzM0Mjc5LCJleHAiOjE3NzYzNjMwNzl9.LMtf7YSjOGJwPfG-EtI2ErOzKmNITv3PjBGQuC0JRGg&phone=9817788114","method":"GET","sapi":"cli-server","php_version":"8.1.34"}}
{"time":"2026-04-16 10:11:22","label":"request_start","context":{"uri":"/?action=regen_coupon&token=eyJhbGciOiJIUzI1NiIsInR5cCI6IkpXVCJ9.eyJzdWIiOiI5Njg4NDU0MDAxIiwicm9sZSI6ImFkbWluIiwibmFtZSI6IkRVTU1ZIEUyRSBVU0VSIiwiaWF0IjoxNzc2MzM0Mjc5LCJleHAiOjE3NzYzNjMwNzl9.LMtf7YSjOGJwPfG-EtI2ErOzKmNITv3PjBGQuC0JRGg&phone=9817788114","method":"GET","sapi":"cli-server","php_version":"8.1.34"}}
{"time":"2026-04-16 10:11:22","label":"request_start","context":{"uri":"/?action=qr_scan_client","method":"POST","sapi":"cli-server","php_version":"8.1.34"}}
{"time":"2026-04-16 10:11:22","label":"request_start","context":{"uri":"/?action=qr_report&token=eyJhbGciOiJIUzI1NiIsInR5cCI6IkpXVCJ9.eyJzdWIiOiI5Njg4NDU0MDAxIiwicm9sZSI6ImFkbWluIiwibmFtZSI6IkRVTU1ZIEUyRSBVU0VSIiwiaWF0IjoxNzc2MzM0Mjc5LCJleHAiOjE3NzYzNjMwNzl9.LMtf7YSjOGJwPfG-EtI2ErOzKmNITv3PjBGQuC0JRGg","method":"GET","sapi":"cli-server","php_version":"8.1.34"}}
{"time":"2026-04-16 10:11:22","label":"request_start","context":{"uri":"/?action=admin_issue_cash_paid_pass","method":"POST","sapi":"cli-server","php_version":"8.1.34"}}
{"time":"2026-04-16 10:11:22","label":"request_start","context":{"uri":"/?action=admin_request_cash_handover","method":"POST","sapi":"cli-server","php_version":"8.1.34"}}
{"time":"2026-04-16 10:11:23","label":"request_start","context":{"uri":"/?action=superadmin_approve_cash_handover","method":"POST","sapi":"cli-server","php_version":"8.1.34"}}
{"time":"2026-04-16 10:11:23","label":"request_start","context":{"uri":"/?action=admin_cash_summary&token=eyJhbGciOiJIUzI1NiIsInR5cCI6IkpXVCJ9.eyJzdWIiOiI5Njg4NDU0MDAxIiwicm9sZSI6ImFkbWluIiwibmFtZSI6IkRVTU1ZIEUyRSBVU0VSIiwiaWF0IjoxNzc2MzM0Mjc5LCJleHAiOjE3NzYzNjMwNzl9.LMtf7YSjOGJwPfG-EtI2ErOzKmNITv3PjBGQuC0JRGg&ledgerDate=2026-04-16","method":"GET","sapi":"cli-server","php_version":"8.1.34"}}
{"time":"2026-04-16 10:11:23","label":"request_start","context":{"uri":"/?action=superadmin_cash_dashboard&token=eyJhbGciOiJIUzI1NiIsInR5cCI6IkpXVCJ9.eyJzdWIiOiI5MzcxNTE5OTk5Iiwicm9sZSI6InN1cGVyYWRtaW4iLCJuYW1lIjoiU3VwZXIgQWRtaW4iLCJpYXQiOjE3NzYzMzQyNzcsImV4cCI6MTc3NjM2MzA3N30.THG5TejAuDjkeegf75BJf5T9ldiawMX2lUSJUd5EVdQ","method":"GET","sapi":"cli-server","php_version":"8.1.34"}}
{"time":"2026-04-16 10:11:23","label":"request_start","context":{"uri":"/?action=auth_me","method":"POST","sapi":"cli-server","php_version":"8.1.34"}}
{"time":"2026-04-16 10:11:23","label":"request_start","context":{"uri":"/?action=auth_logout","method":"POST","sapi":"cli-server","php_version":"8.1.34"}}
{"time":"2026-04-16 10:15:54","label":"request_start","context":{"uri":"/","method":"GET","sapi":"cli-server","php_version":"8.1.34"}}
{"time":"2026-04-16 10:15:55","label":"request_start","context":{"uri":"/favicon.ico","method":"GET","sapi":"cli-server","php_version":"8.1.34"}}
{"time":"2026-04-16 10:16:12","label":"request_start","context":{"uri":"/index.html","method":"GET","sapi":"cli-server","php_version":"8.1.34"}}
{"time":"2026-04-16 10:16:12","label":"request_start","context":{"uri":"/favicon.ico","method":"GET","sapi":"cli-server","php_version":"8.1.34"}}
{"time":"2026-04-16 10:30:10","label":"request_start","context":{"uri":"/?action=auth_bootstrap_status","method":"GET","sapi":"cli-server","php_version":"8.1.34"}}
{"time":"2026-04-16 10:30:10","label":"request_start","context":{"uri":"/?action=auth_login","method":"POST","sapi":"cli-server","php_version":"8.1.34"}}
{"time":"2026-04-16 10:30:11","label":"request_start","context":{"uri":"/?action=events_list&limit=1","method":"GET","sapi":"cli-server","php_version":"8.1.34"}}
{"time":"2026-04-16 10:31:17","label":"request_start","context":{"uri":"/","method":"GET","sapi":"cli-server","php_version":"8.1.34"}}
{"time":"2026-04-16 10:31:17","label":"request_start","context":{"uri":"/favicon.ico","method":"GET","sapi":"cli-server","php_version":"8.1.34"}}
{"time":"2026-04-16 10:35:13","label":"request_start","context":{"uri":"/?action=auth_login","method":"POST","sapi":"cli-server","php_version":"8.1.34"}}
{"time":"2026-04-16 10:35:17","label":"request_start","context":{"uri":"/?action=events_list&limit=20","method":"GET","sapi":"cli-server","php_version":"8.1.34"}}
{"time":"2026-04-16 10:37:51","label":"request_start","context":{"uri":"/","method":"POST","sapi":"cli-server","php_version":"8.1.34"}}
{"time":"2026-04-16 10:38:00","label":"request_start","context":{"uri":"/?action=auth_me&token=eyJhbGciOiJIUzI1NiIsInR5cCI6IkpXVCJ9.eyJzdWIiOiI5MzcxNTE5OTk5Iiwicm9sZSI6InN1cGVyYWRtaW4iLCJuYW1lIjoiU3VwZXIgQWRtaW4iLCJpYXQiOjE3NzYzMzU4NzEsImV4cCI6MTc3NjM2NDY3MX0.tYux-hdeUj9OqjfEsaxMZToiYz67TM_SP-FVSoZoNzg","method":"GET","sapi":"cli-server","php_version":"8.1.34"}}
{"time":"2026-04-16 10:38:09","label":"request_start","context":{"uri":"/?action=auth_me&token=eyJhbGciOiJIUzI1NiIsInR5cCI6IkpXVCJ9.eyJzdWIiOiI5MzcxNTE5OTk5Iiwicm9sZSI6InN1cGVyYWRtaW4iLCJuYW1lIjoiU3VwZXIgQWRtaW4iLCJpYXQiOjE3NzYzMzU4NzEsImV4cCI6MTc3NjM2NDY3MX0.tYux-hdeUj9OqjfEsaxMZToiYz67TM_SP-FVSoZoNzg","method":"GET","sapi":"cli-server","php_version":"8.1.34"}}
{"time":"2026-04-16 10:38:15","label":"request_start","context":{"uri":"/?action=auth_me&token=eyJhbGciOiJIUzI1NiIsInR5cCI6IkpXVCJ9.eyJzdWIiOiI5MzcxNTE5OTk5Iiwicm9sZSI6InN1cGVyYWRtaW4iLCJuYW1lIjoiU3VwZXIgQWRtaW4iLCJpYXQiOjE3NzYzMzU4NzEsImV4cCI6MTc3NjM2NDY3MX0.tYux-hdeUj9OqjfEsaxMZToiYz67TM_SP-FVSoZoNzg","method":"GET","sapi":"cli-server","php_version":"8.1.34"}}
{"time":"2026-04-16 10:40:10","label":"request_start","context":{"uri":"/?action=auth_login","method":"POST","sapi":"cli-server","php_version":"8.1.34"}}
{"time":"2026-04-16 10:40:10","label":"request_start","context":{"uri":"/?action=auth_list_users","method":"POST","sapi":"cli-server","php_version":"8.1.34"}}
{"time":"2026-04-16 10:40:11","label":"request_start","context":{"uri":"/?action=auth_login","method":"POST","sapi":"cli-server","php_version":"8.1.34"}}
{"time":"2026-04-16 10:40:11","label":"request_start","context":{"uri":"/?action=admin_menu_editor_load","method":"POST","sapi":"cli-server","php_version":"8.1.34"}}
{"time":"2026-04-16 10:42:30","label":"request_start","context":{"uri":"/?action=events_list&limit=3","method":"GET","sapi":"cli-server","php_version":"8.1.34"}}
{"time":"2026-04-16 10:42:30","label":"request_start","context":{"uri":"/?action=auth_login","method":"POST","sapi":"cli-server","php_version":"8.1.34"}}
{"time":"2026-04-16 10:42:32","label":"request_start","context":{"uri":"/?action=events_list&limit=20","method":"GET","sapi":"cli-server","php_version":"8.1.34"}}
{"time":"2026-04-16 10:43:30","label":"request_start","context":{"uri":"/","method":"POST","sapi":"cli-server","php_version":"8.1.34"}}
{"time":"2026-04-16 10:43:36","label":"request_start","context":{"uri":"/?action=auth_me&token=eyJhbGciOiJIUzI1NiIsInR5cCI6IkpXVCJ9.eyJzdWIiOiI5MzcxNTE5OTk5Iiwicm9sZSI6InN1cGVyYWRtaW4iLCJuYW1lIjoiU3VwZXIgQWRtaW4iLCJpYXQiOjE3NzYzMzYyMTEsImV4cCI6MTc3NjM2NTAxMX0.4hjK2dW-t6k5jJdiQ_-mFPb5BRox0j05s9-2uu5cQzM","method":"GET","sapi":"cli-server","php_version":"8.1.34"}}
{"time":"2026-04-16 10:43:38","label":"request_start","context":{"uri":"/?action=ensure_qr_sheet","method":"GET","sapi":"cli-server","php_version":"8.1.34"}}
{"time":"2026-04-16 10:43:38","label":"request_start","context":{"uri":"/?action=qr_report","method":"GET","sapi":"cli-server","php_version":"8.1.34"}}
{"time":"2026-04-16 10:44:08","label":"request_start","context":{"uri":"/?action=qr_report","method":"GET","sapi":"cli-server","php_version":"8.1.34"}}
{"time":"2026-04-16 10:44:38","label":"request_start","context":{"uri":"/?action=qr_report","method":"GET","sapi":"cli-server","php_version":"8.1.34"}}
{"time":"2026-04-16 10:45:38","label":"request_start","context":{"uri":"/?action=qr_report","method":"GET","sapi":"cli-server","php_version":"8.1.34"}}
{"time":"2026-04-16 10:45:44","label":"request_start","context":{"uri":"/?action=qr_report","method":"GET","sapi":"cli-server","php_version":"8.1.34"}}
{"time":"2026-04-16 10:46:29","label":"request_start","context":{"uri":"/?action=auth_me&token=eyJhbGciOiJIUzI1NiIsInR5cCI6IkpXVCJ9.eyJzdWIiOiI5MzcxNTE5OTk5Iiwicm9sZSI6InN1cGVyYWRtaW4iLCJuYW1lIjoiU3VwZXIgQWRtaW4iLCJpYXQiOjE3NzYzMzYyMTEsImV4cCI6MTc3NjM2NTAxMX0.4hjK2dW-t6k5jJdiQ_-mFPb5BRox0j05s9-2uu5cQzM","method":"GET","sapi":"cli-server","php_version":"8.1.34"}}
{"time":"2026-04-16 10:46:36","label":"request_start","context":{"uri":"/?action=auth_me&token=eyJhbGciOiJIUzI1NiIsInR5cCI6IkpXVCJ9.eyJzdWIiOiI5MzcxNTE5OTk5Iiwicm9sZSI6InN1cGVyYWRtaW4iLCJuYW1lIjoiU3VwZXIgQWRtaW4iLCJpYXQiOjE3NzYzMzYyMTEsImV4cCI6MTc3NjM2NTAxMX0.4hjK2dW-t6k5jJdiQ_-mFPb5BRox0j05s9-2uu5cQzM","method":"GET","sapi":"cli-server","php_version":"8.1.34"}}
{"time":"2026-04-16 10:46:38","label":"request_start","context":{"uri":"/?action=qr_report","method":"GET","sapi":"cli-server","php_version":"8.1.34"}}
{"time":"2026-04-16 10:47:38","label":"request_start","context":{"uri":"/?action=qr_report","method":"GET","sapi":"cli-server","php_version":"8.1.34"}}
{"time":"2026-04-16 10:48:38","label":"request_start","context":{"uri":"/?action=qr_report","method":"GET","sapi":"cli-server","php_version":"8.1.34"}}
{"time":"2026-04-16 10:49:38","label":"request_start","context":{"uri":"/?action=qr_report","method":"GET","sapi":"cli-server","php_version":"8.1.34"}}
{"time":"2026-04-16 10:50:27","label":"request_start","context":{"uri":"/?action=auth_me&token=eyJhbGciOiJIUzI1NiIsInR5cCI6IkpXVCJ9.eyJzdWIiOiI5MzcxNTE5OTk5Iiwicm9sZSI6InN1cGVyYWRtaW4iLCJuYW1lIjoiU3VwZXIgQWRtaW4iLCJpYXQiOjE3NzYzMzYyMTEsImV4cCI6MTc3NjM2NTAxMX0.4hjK2dW-t6k5jJdiQ_-mFPb5BRox0j05s9-2uu5cQzM","method":"GET","sapi":"cli-server","php_version":"8.1.34"}}
{"time":"2026-04-16 10:50:38","label":"request_start","context":{"uri":"/?action=qr_report","method":"GET","sapi":"cli-server","php_version":"8.1.34"}}
{"time":"2026-04-16 10:51:38","label":"request_start","context":{"uri":"/?action=qr_report","method":"GET","sapi":"cli-server","php_version":"8.1.34"}}
{"time":"2026-04-16 10:53:36","label":"request_start","context":{"uri":"/?action=qr_report","method":"GET","sapi":"cli-server","php_version":"8.1.34"}}
{"time":"2026-04-16 10:55:14","label":"request_start","context":{"uri":"/?action=qr_report","method":"GET","sapi":"cli-server","php_version":"8.1.34"}}
{"time":"2026-04-16 10:55:38","label":"request_start","context":{"uri":"/?action=qr_report","method":"GET","sapi":"cli-server","php_version":"8.1.34"}}
{"time":"2026-04-16 10:55:53","label":"request_start","context":{"uri":"/?action=qr_report","method":"GET","sapi":"cli-server","php_version":"8.1.34"}}
{"time":"2026-04-16 10:55:57","label":"request_start","context":{"uri":"/?action=events_list&limit=20","method":"GET","sapi":"cli-server","php_version":"8.1.34"}}
{"time":"2026-04-16 10:56:04","label":"request_start","context":{"uri":"/","method":"POST","sapi":"cli-server","php_version":"8.1.34"}}
{"time":"2026-04-16 10:56:12","label":"request_start","context":{"uri":"/?action=qr_report","method":"GET","sapi":"cli-server","php_version":"8.1.34"}}
{"time":"2026-04-16 10:56:32","label":"request_start","context":{"uri":"/?action=event_detail&eventId=dj-raj-2026-apr","method":"GET","sapi":"cli-server","php_version":"8.1.34"}}
{"time":"2026-04-16 10:56:38","label":"request_start","context":{"uri":"/?action=qr_report","method":"GET","sapi":"cli-server","php_version":"8.1.34"}}
{"time":"2026-04-16 10:56:50","label":"request_start","context":{"uri":"/?action=events_list&limit=20","method":"GET","sapi":"cli-server","php_version":"8.1.34"}}
{"time":"2026-04-16 10:57:01","label":"request_start","context":{"uri":"/?action=events_list&limit=20","method":"GET","sapi":"cli-server","php_version":"8.1.34"}}
{"time":"2026-04-16 10:57:19","label":"request_start","context":{"uri":"/?tab=AWGNK%20MENU&shape=grid","method":"GET","sapi":"cli-server","php_version":"8.1.34"}}
{"time":"2026-04-16 10:58:36","label":"request_start","context":{"uri":"/?action=qr_report","method":"GET","sapi":"cli-server","php_version":"8.1.34"}}
{"time":"2026-04-16 11:00:36","label":"request_start","context":{"uri":"/?action=qr_report","method":"GET","sapi":"cli-server","php_version":"8.1.34"}}
{"time":"2026-04-16 11:02:26","label":"request_start","context":{"uri":"/?tab=AWGNK%20MENU&shape=grid","method":"GET","sapi":"cli-server","php_version":"8.1.34"}}
{"time":"2026-04-16 11:02:36","label":"request_start","context":{"uri":"/?action=qr_report","method":"GET","sapi":"cli-server","php_version":"8.1.34"}}
{"time":"2026-04-16 11:02:50","label":"request_start","context":{"uri":"/?tab=BAR%20MENU%20NK&shape=grid","method":"GET","sapi":"cli-server","php_version":"8.1.34"}}
{"time":"2026-04-16 11:02:52","label":"request_start","context":{"uri":"/?tab=BAR%20MENU%20NK&shape=grid","method":"GET","sapi":"cli-server","php_version":"8.1.34"}}
{"time":"2026-04-16 11:02:54","label":"request_start","context":{"uri":"/?tab=BAR%20MENU%20NK&shape=grid","method":"GET","sapi":"cli-server","php_version":"8.1.34"}}
{"time":"2026-04-16 11:02:56","label":"request_start","context":{"uri":"/?tab=BAR%20MENU%20NK&shape=grid","method":"GET","sapi":"cli-server","php_version":"8.1.34"}}
{"time":"2026-04-16 11:03:38","label":"request_start","context":{"uri":"/?action=qr_report","method":"GET","sapi":"cli-server","php_version":"8.1.34"}}
{"time":"2026-04-16 11:03:43","label":"request_start","context":{"uri":"/","method":"POST","sapi":"cli-server","php_version":"8.1.34"}}
{"time":"2026-04-16 11:03:58","label":"request_start","context":{"uri":"/?action=auth_me&token=eyJhbGciOiJIUzI1NiIsInR5cCI6IkpXVCJ9.eyJzdWIiOiI5MzcxNTE5OTk5Iiwicm9sZSI6InN1cGVyYWRtaW4iLCJuYW1lIjoiU3VwZXIgQWRtaW4iLCJpYXQiOjE3NzYzMzc0MjMsImV4cCI6MTc3NjM2NjIyM30.4ZnrnrJ94Qq-Sz4_v25lmLm92I2EGS_ab9LujKpNVZk","method":"GET","sapi":"cli-server","php_version":"8.1.34"}}
{"time":"2026-04-16 11:04:49","label":"request_start","context":{"uri":"/?action=ensure_qr_sheet","method":"GET","sapi":"cli-server","php_version":"8.1.34"}}
{"time":"2026-04-16 11:04:49","label":"request_start","context":{"uri":"/?action=qr_report","method":"GET","sapi":"cli-server","php_version":"8.1.34"}}
{"time":"2026-04-16 11:04:58","label":"request_start","context":{"uri":"/?tab=AWGNK%20MENU&shape=grid","method":"GET","sapi":"cli-server","php_version":"8.1.34"}}
{"time":"2026-04-16 11:04:58","label":"request_start","context":{"uri":"/?tab=BAR%20MENU%20NK&shape=grid","method":"GET","sapi":"cli-server","php_version":"8.1.34"}}
{"time":"2026-04-16 11:05:49","label":"request_start","context":{"uri":"/?action=qr_report","method":"GET","sapi":"cli-server","php_version":"8.1.34"}}
{"time":"2026-04-16 11:06:50","label":"request_start","context":{"uri":"/?action=qr_report","method":"GET","sapi":"cli-server","php_version":"8.1.34"}}
{"time":"2026-04-16 11:07:50","label":"request_start","context":{"uri":"/?action=qr_report","method":"GET","sapi":"cli-server","php_version":"8.1.34"}}
{"time":"2026-04-16 11:08:04","label":"request_start","context":{"uri":"/","method":"POST","sapi":"cli-server","php_version":"8.1.34"}}
{"time":"2026-04-16 11:08:05","label":"request_start","context":{"uri":"/?action=auth_list_users&token=eyJhbGciOiJIUzI1NiIsInR5cCI6IkpXVCJ9.eyJzdWIiOiI5MzcxNTE5OTk5Iiwicm9sZSI6InN1cGVyYWRtaW4iLCJuYW1lIjoiU3VwZXIgQWRtaW4iLCJpYXQiOjE3NzYzMzc2ODQsImV4cCI6MTc3NjM2NjQ4NH0.BBlTzpFFNfzt6FBUzHQN9UYirYb0HBbkSr5KGSl41ZA","method":"GET","sapi":"cli-server","php_version":"8.1.34"}}
{"time":"2026-04-16 11:08:05","label":"request_start","context":{"uri":"/?action=admin_list_events&token=eyJhbGciOiJIUzI1NiIsInR5cCI6IkpXVCJ9.eyJzdWIiOiI5MzcxNTE5OTk5Iiwicm9sZSI6InN1cGVyYWRtaW4iLCJuYW1lIjoiU3VwZXIgQWRtaW4iLCJpYXQiOjE3NzYzMzc2ODQsImV4cCI6MTc3NjM2NjQ4NH0.BBlTzpFFNfzt6FBUzHQN9UYirYb0HBbkSr5KGSl41ZA","method":"GET","sapi":"cli-server","php_version":"8.1.34"}}
{"time":"2026-04-16 11:08:50","label":"request_start","context":{"uri":"/?action=qr_report","method":"GET","sapi":"cli-server","php_version":"8.1.34"}}
{"time":"2026-04-16 11:08:53","label":"request_start","context":{"uri":"/","method":"POST","sapi":"cli-server","php_version":"8.1.34"}}
{"time":"2026-04-16 11:08:53","label":"request_start","context":{"uri":"/?action=auth_list_users&token=eyJhbGciOiJIUzI1NiIsInR5cCI6IkpXVCJ9.eyJzdWIiOiI5MzcxNTE5OTk5Iiwicm9sZSI6InN1cGVyYWRtaW4iLCJuYW1lIjoiU3VwZXIgQWRtaW4iLCJpYXQiOjE3NzYzMzc3MzMsImV4cCI6MTc3NjM2NjUzM30.tIZWLA3QPOq6RIdcUalJvFApG4LlSC_3pQ8EgM7CldI","method":"GET","sapi":"cli-server","php_version":"8.1.34"}}
{"time":"2026-04-16 11:09:50","label":"request_start","context":{"uri":"/?action=qr_report","method":"GET","sapi":"cli-server","php_version":"8.1.34"}}
{"time":"2026-04-16 11:10:50","label":"request_start","context":{"uri":"/?action=qr_report","method":"GET","sapi":"cli-server","php_version":"8.1.34"}}
{"time":"2026-04-16 11:12:15","label":"request_start","context":{"uri":"/?action=qr_report","method":"GET","sapi":"cli-server","php_version":"8.1.34"}}
{"time":"2026-04-16 11:12:50","label":"request_start","context":{"uri":"/?action=qr_report","method":"GET","sapi":"cli-server","php_version":"8.1.34"}}
{"time":"2026-04-16 11:12:54","label":"request_start","context":{"uri":"/?tab=AWGNK%20MENU&shape=grid","method":"GET","sapi":"cli-server","php_version":"8.1.34"}}
{"time":"2026-04-16 11:12:54","label":"request_start","context":{"uri":"/?tab=AWGNK%20MENU&shape=grid","method":"GET","sapi":"cli-server","php_version":"8.1.34"}}
{"time":"2026-04-16 11:13:01","label":"request_start","context":{"uri":"/?tab=AWGNK%20MENU&shape=grid","method":"GET","sapi":"cli-server","php_version":"8.1.34"}}
{"time":"2026-04-16 11:13:01","label":"request_start","context":{"uri":"/?tab=AWGNK%20MENU&shape=grid","method":"GET","sapi":"cli-server","php_version":"8.1.34"}}
{"time":"2026-04-16 11:13:07","label":"request_start","context":{"uri":"/","method":"POST","sapi":"cli-server","php_version":"8.1.34"}}
{"time":"2026-04-16 11:13:07","label":"request_start","context":{"uri":"/","method":"POST","sapi":"cli-server","php_version":"8.1.34"}}
{"time":"2026-04-16 11:13:21","label":"request_start","context":{"uri":"/","method":"POST","sapi":"cli-server","php_version":"8.1.34"}}
{"time":"2026-04-16 11:13:37","label":"request_start","context":{"uri":"/","method":"POST","sapi":"cli-server","php_version":"8.1.34"}}
{"time":"2026-04-16 11:13:37","label":"request_start","context":{"uri":"/","method":"POST","sapi":"cli-server","php_version":"8.1.34"}}
{"time":"2026-04-16 11:14:00","label":"request_start","context":{"uri":"/","method":"POST","sapi":"cli-server","php_version":"8.1.34"}}
{"time":"2026-04-16 11:14:03","label":"request_start","context":{"uri":"/?action=qr_report","method":"GET","sapi":"cli-server","php_version":"8.1.34"}}
{"time":"2026-04-16 11:14:50","label":"request_start","context":{"uri":"/?action=qr_report","method":"GET","sapi":"cli-server","php_version":"8.1.34"}}
{"time":"2026-04-16 11:15:24","label":"request_start","context":{"uri":"/?action=auth_me&token=eyJhbGciOiJIUzI1NiIsInR5cCI6IkpXVCJ9.eyJzdWIiOiI5MzcxNTE5OTk5Iiwicm9sZSI6InN1cGVyYWRtaW4iLCJuYW1lIjoiU3VwZXIgQWRtaW4iLCJpYXQiOjE3NzYzMzc0MjMsImV4cCI6MTc3NjM2NjIyM30.4ZnrnrJ94Qq-Sz4_v25lmLm92I2EGS_ab9LujKpNVZk","method":"GET","sapi":"cli-server","php_version":"8.1.34"}}
{"time":"2026-04-16 11:15:26","label":"request_start","context":{"uri":"/?action=auth_me&token=eyJhbGciOiJIUzI1NiIsInR5cCI6IkpXVCJ9.eyJzdWIiOiI5MzcxNTE5OTk5Iiwicm9sZSI6InN1cGVyYWRtaW4iLCJuYW1lIjoiU3VwZXIgQWRtaW4iLCJpYXQiOjE3NzYzMzc0MjMsImV4cCI6MTc3NjM2NjIyM30.4ZnrnrJ94Qq-Sz4_v25lmLm92I2EGS_ab9LujKpNVZk","method":"GET","sapi":"cli-server","php_version":"8.1.34"}}
{"time":"2026-04-16 11:15:47","label":"request_start","context":{"uri":"/?tab=AWGNK%20MENU&shape=grid","method":"GET","sapi":"cli-server","php_version":"8.1.34"}}
{"time":"2026-04-16 11:15:47","label":"request_start","context":{"uri":"/?tab=AWGNK%20MENU&shape=grid","method":"GET","sapi":"cli-server","php_version":"8.1.34"}}
{"time":"2026-04-16 11:16:27","label":"request_start","context":{"uri":"/?tab=AWGNK%20MENU&shape=grid","method":"GET","sapi":"cli-server","php_version":"8.1.34"}}
{"time":"2026-04-16 11:16:28","label":"request_start","context":{"uri":"/?tab=AWGNK%20MENU&shape=grid","method":"GET","sapi":"cli-server","php_version":"8.1.34"}}
{"time":"2026-04-16 11:16:38","label":"request_start","context":{"uri":"/?tab=BAR%20MENU%20NK&shape=grid","method":"GET","sapi":"cli-server","php_version":"8.1.34"}}
{"time":"2026-04-16 11:16:44","label":"request_start","context":{"uri":"/?tab=BAR%20MENU%20NK&shape=grid","method":"GET","sapi":"cli-server","php_version":"8.1.34"}}
{"time":"2026-04-16 11:18:16","label":"request_start","context":{"uri":"/?tab=BAR%20MENU%20NK&shape=grid","method":"GET","sapi":"cli-server","php_version":"8.1.34"}}
{"time":"2026-04-16 11:18:18","label":"request_start","context":{"uri":"/?tab=AWGNK%20MENU&shape=grid","method":"GET","sapi":"cli-server","php_version":"8.1.34"}}
{"time":"2026-04-16 11:18:34","label":"request_start","context":{"uri":"/?tab=BAR%20MENU%20NK&shape=grid","method":"GET","sapi":"cli-server","php_version":"8.1.34"}}
{"time":"2026-04-16 11:18:35","label":"request_start","context":{"uri":"/?tab=AWGNK%20MENU&shape=grid","method":"GET","sapi":"cli-server","php_version":"8.1.34"}}
{"time":"2026-04-16 11:19:10","label":"request_start","context":{"uri":"/?tab=BAR%20MENU%20NK&shape=grid","method":"GET","sapi":"cli-server","php_version":"8.1.34"}}
{"time":"2026-04-16 11:19:20","label":"request_start","context":{"uri":"/?tab=AWGNK%20MENU&shape=grid","method":"GET","sapi":"cli-server","php_version":"8.1.34"}}
{"time":"2026-04-16 11:22:50","label":"request_start","context":{"uri":"/?tab=BAR%20MENU%20NK&shape=grid","method":"GET","sapi":"cli-server","php_version":"8.1.34"}}
{"time":"2026-04-16 11:22:51","label":"request_start","context":{"uri":"/?tab=AWGNK%20MENU&shape=grid","method":"GET","sapi":"cli-server","php_version":"8.1.34"}}
{"time":"2026-04-16 11:22:52","label":"request_start","context":{"uri":"/?action=events_list&limit=20","method":"GET","sapi":"cli-server","php_version":"8.1.34"}}
{"time":"2026-04-16 11:23:08","label":"request_start","context":{"uri":"/?tab=BAR%20MENU%20NK&shape=grid","method":"GET","sapi":"cli-server","php_version":"8.1.34"}}
{"time":"2026-04-16 11:23:43","label":"request_start","context":{"uri":"/?tab=BAR%20MENU%20NK&shape=grid","method":"GET","sapi":"cli-server","php_version":"8.1.34"}}
{"time":"2026-04-16 11:23:43","label":"request_start","context":{"uri":"/?tab=AWGNK%20MENU&shape=grid","method":"GET","sapi":"cli-server","php_version":"8.1.34"}}
{"time":"2026-04-16 11:26:02","label":"request_start","context":{"uri":"/","method":"POST","sapi":"cli-server","php_version":"8.1.34"}}
{"time":"2026-04-16 11:26:02","label":"request_start","context":{"uri":"/?action=auth_list_users&token=","method":"GET","sapi":"cli-server","php_version":"8.1.34"}}
{"time":"2026-04-16 11:26:03","label":"request_start","context":{"uri":"/","method":"POST","sapi":"cli-server","php_version":"8.1.34"}}
{"time":"2026-04-16 11:26:03","label":"request_start","context":{"uri":"/","method":"POST","sapi":"cli-server","php_version":"8.1.34"}}
{"time":"2026-04-16 11:42:53","label":"request_start","context":{"uri":"/","method":"POST","sapi":"cli-server","php_version":"8.1.34"}}
{"time":"2026-04-16 11:44:18","label":"request_start","context":{"uri":"/","method":"POST","sapi":"cli-server","php_version":"8.1.34"}}
{"time":"2026-04-16 11:49:11","label":"request_start","context":{"uri":"/?action=auth_me&token=eyJhbGciOiJIUzI1NiIsInR5cCI6IkpXVCJ9.eyJzdWIiOiI5MzcxNTE5OTk5Iiwicm9sZSI6InN1cGVyYWRtaW4iLCJuYW1lIjoiU3VwZXIgQWRtaW4iLCJpYXQiOjE3NzYzMzk3NzMsImV4cCI6MTc3NjM2ODU3M30.XDKngtz4rPiuapmJcJ1UlgfZUfPgbfRnk9vq6JuxaUA","method":"GET","sapi":"cli-server","php_version":"8.1.34"}}
{"time":"2026-04-16 11:50:42","label":"request_start","context":{"uri":"/?action=auth_me&token=eyJhbGciOiJIUzI1NiIsInR5cCI6IkpXVCJ9.eyJzdWIiOiI5MzcxNTE5OTk5Iiwicm9sZSI6InN1cGVyYWRtaW4iLCJuYW1lIjoiU3VwZXIgQWRtaW4iLCJpYXQiOjE3NzYzMzk3NzMsImV4cCI6MTc3NjM2ODU3M30.XDKngtz4rPiuapmJcJ1UlgfZUfPgbfRnk9vq6JuxaUA","method":"GET","sapi":"cli-server","php_version":"8.1.34"}}
{"time":"2026-04-16 11:51:35","label":"request_start","context":{"uri":"/","method":"POST","sapi":"cli-server","php_version":"8.1.34"}}
{"time":"2026-04-16 11:51:38","label":"request_start","context":{"uri":"/?action=auth_me&token=eyJhbGciOiJIUzI1NiIsInR5cCI6IkpXVCJ9.eyJzdWIiOiI5MzcxNTE5OTk5Iiwicm9sZSI6InN1cGVyYWRtaW4iLCJuYW1lIjoiU3VwZXIgQWRtaW4iLCJpYXQiOjE3NzYzNDAyOTUsImV4cCI6MTc3NjM2OTA5NX0.efTpGM15J8vjcc-wNe1X3nTbkk8kR4sSeQPXdsmykIg","method":"GET","sapi":"cli-server","php_version":"8.1.34"}}
{"time":"2026-04-16 11:53:07","label":"request_start","context":{"uri":"/?action=auth_me&token=eyJhbGciOiJIUzI1NiIsInR5cCI6IkpXVCJ9.eyJzdWIiOiI5MzcxNTE5OTk5Iiwicm9sZSI6InN1cGVyYWRtaW4iLCJuYW1lIjoiU3VwZXIgQWRtaW4iLCJpYXQiOjE3NzYzNDAyOTUsImV4cCI6MTc3NjM2OTA5NX0.efTpGM15J8vjcc-wNe1X3nTbkk8kR4sSeQPXdsmykIg","method":"GET","sapi":"cli-server","php_version":"8.1.34"}}
{"time":"2026-04-16 11:53:22","label":"request_start","context":{"uri":"/?action=ensure_qr_sheet","method":"GET","sapi":"cli-server","php_version":"8.1.34"}}
{"time":"2026-04-16 11:53:22","label":"request_start","context":{"uri":"/?action=qr_report","method":"GET","sapi":"cli-server","php_version":"8.1.34"}}
{"time":"2026-04-16 11:54:22","label":"request_start","context":{"uri":"/?action=qr_report","method":"GET","sapi":"cli-server","php_version":"8.1.34"}}
{"time":"2026-04-16 11:54:28","label":"request_start","context":{"uri":"/?action=qr_report","method":"GET","sapi":"cli-server","php_version":"8.1.34"}}
{"time":"2026-04-16 11:55:16","label":"request_start","context":{"uri":"/?action=auth_me&token=eyJhbGciOiJIUzI1NiIsInR5cCI6IkpXVCJ9.eyJzdWIiOiI5MzcxNTE5OTk5Iiwicm9sZSI6InN1cGVyYWRtaW4iLCJuYW1lIjoiU3VwZXIgQWRtaW4iLCJpYXQiOjE3NzYzNDAyOTUsImV4cCI6MTc3NjM2OTA5NX0.efTpGM15J8vjcc-wNe1X3nTbkk8kR4sSeQPXdsmykIg","method":"GET","sapi":"cli-server","php_version":"8.1.34"}}
{"time":"2026-04-16 11:55:22","label":"request_start","context":{"uri":"/?action=qr_report","method":"GET","sapi":"cli-server","php_version":"8.1.34"}}
{"time":"2026-04-16 11:56:22","label":"request_start","context":{"uri":"/?action=qr_report","method":"GET","sapi":"cli-server","php_version":"8.1.34"}}
{"time":"2026-04-16 11:57:22","label":"request_start","context":{"uri":"/?action=qr_report","method":"GET","sapi":"cli-server","php_version":"8.1.34"}}
{"time":"2026-04-16 11:58:20","label":"request_start","context":{"uri":"/?action=events_list&limit=20","method":"GET","sapi":"cli-server","php_version":"8.1.34"}}
{"time":"2026-04-16 11:58:23","label":"request_start","context":{"uri":"/?action=qr_report","method":"GET","sapi":"cli-server","php_version":"8.1.34"}}
{"time":"2026-04-16 11:58:27","label":"request_start","context":{"uri":"/","method":"POST","sapi":"cli-server","php_version":"8.1.34"}}
{"time":"2026-04-16 11:59:23","label":"request_start","context":{"uri":"/?action=qr_report","method":"GET","sapi":"cli-server","php_version":"8.1.34"}}
{"time":"2026-04-16 12:00:23","label":"request_start","context":{"uri":"/?action=qr_report","method":"GET","sapi":"cli-server","php_version":"8.1.34"}}
{"time":"2026-04-16 12:01:24","label":"request_start","context":{"uri":"/?action=qr_report","method":"GET","sapi":"cli-server","php_version":"8.1.34"}}
{"time":"2026-04-16 12:01:39","label":"request_start","context":{"uri":"/?action=auth_me&token=eyJhbGciOiJIUzI1NiIsInR5cCI6IkpXVCJ9.eyJzdWIiOiI5MzcxNTE5OTk5Iiwicm9sZSI6InN1cGVyYWRtaW4iLCJuYW1lIjoiU3VwZXIgQWRtaW4iLCJpYXQiOjE3NzYzNDAyOTUsImV4cCI6MTc3NjM2OTA5NX0.efTpGM15J8vjcc-wNe1X3nTbkk8kR4sSeQPXdsmykIg","method":"GET","sapi":"cli-server","php_version":"8.1.34"}}
{"time":"2026-04-16 12:02:23","label":"request_start","context":{"uri":"/?action=qr_report","method":"GET","sapi":"cli-server","php_version":"8.1.34"}}
{"time":"2026-04-16 12:03:23","label":"request_start","context":{"uri":"/?action=qr_report","method":"GET","sapi":"cli-server","php_version":"8.1.34"}}
{"time":"2026-04-16 12:04:24","label":"request_start","context":{"uri":"/?action=qr_report","method":"GET","sapi":"cli-server","php_version":"8.1.34"}}
{"time":"2026-04-16 12:05:25","label":"request_start","context":{"uri":"/?action=qr_report","method":"GET","sapi":"cli-server","php_version":"8.1.34"}}
{"time":"2026-04-16 12:06:26","label":"request_start","context":{"uri":"/?action=qr_report","method":"GET","sapi":"cli-server","php_version":"8.1.34"}}
{"time":"2026-04-16 12:07:19","label":"request_start","context":{"uri":"/?tab=AWGNK%20MENU&shape=grid","method":"GET","sapi":"cli-server","php_version":"8.1.34"}}
{"time":"2026-04-16 12:07:27","label":"request_start","context":{"uri":"/?action=qr_report","method":"GET","sapi":"cli-server","php_version":"8.1.34"}}
{"time":"2026-04-16 12:08:28","label":"request_start","context":{"uri":"/?action=qr_report","method":"GET","sapi":"cli-server","php_version":"8.1.34"}}
{"time":"2026-04-16 12:09:29","label":"request_start","context":{"uri":"/?action=qr_report","method":"GET","sapi":"cli-server","php_version":"8.1.34"}}
{"time":"2026-04-16 12:10:30","label":"request_start","context":{"uri":"/?action=qr_report","method":"GET","sapi":"cli-server","php_version":"8.1.34"}}
{"time":"2026-04-16 12:10:58","label":"request_start","context":{"uri":"/?action=auth_me&token=eyJhbGciOiJIUzI1NiIsInR5cCI6IkpXVCJ9.eyJzdWIiOiI5MzcxNTE5OTk5Iiwicm9sZSI6InN1cGVyYWRtaW4iLCJuYW1lIjoiU3VwZXIgQWRtaW4iLCJpYXQiOjE3NzYzNDAyOTUsImV4cCI6MTc3NjM2OTA5NX0.efTpGM15J8vjcc-wNe1X3nTbkk8kR4sSeQPXdsmykIg","method":"GET","sapi":"cli-server","php_version":"8.1.34"}}
{"time":"2026-04-16 12:11:22","label":"request_start","context":{"uri":"/?action=qr_report","method":"GET","sapi":"cli-server","php_version":"8.1.34"}}
{"time":"2026-04-16 12:11:41","label":"request_start","context":{"uri":"/?action=auth_me&token=eyJhbGciOiJIUzI1NiIsInR5cCI6IkpXVCJ9.eyJzdWIiOiI5MzcxNTE5OTk5Iiwicm9sZSI6InN1cGVyYWRtaW4iLCJuYW1lIjoiU3VwZXIgQWRtaW4iLCJpYXQiOjE3NzYzNDAyOTUsImV4cCI6MTc3NjM2OTA5NX0.efTpGM15J8vjcc-wNe1X3nTbkk8kR4sSeQPXdsmykIg","method":"GET","sapi":"cli-server","php_version":"8.1.34"}}
{"time":"2026-04-16 12:12:22","label":"request_start","context":{"uri":"/?action=qr_report","method":"GET","sapi":"cli-server","php_version":"8.1.34"}}
{"time":"2026-04-16 12:13:22","label":"request_start","context":{"uri":"/?action=qr_report","method":"GET","sapi":"cli-server","php_version":"8.1.34"}}
{"time":"2026-04-16 12:14:22","label":"request_start","context":{"uri":"/?action=qr_report","method":"GET","sapi":"cli-server","php_version":"8.1.34"}}
{"time":"2026-04-16 12:15:22","label":"request_start","context":{"uri":"/?action=qr_report","method":"GET","sapi":"cli-server","php_version":"8.1.34"}}
{"time":"2026-04-16 12:16:22","label":"request_start","context":{"uri":"/?action=qr_report","method":"GET","sapi":"cli-server","php_version":"8.1.34"}}
{"time":"2026-04-16 12:17:22","label":"request_start","context":{"uri":"/?action=qr_report","method":"GET","sapi":"cli-server","php_version":"8.1.34"}}
{"time":"2026-04-16 12:18:22","label":"request_start","context":{"uri":"/?action=qr_report","method":"GET","sapi":"cli-server","php_version":"8.1.34"}}
{"time":"2026-04-16 12:19:22","label":"request_start","context":{"uri":"/?action=qr_report","method":"GET","sapi":"cli-server","php_version":"8.1.34"}}
{"time":"2026-04-16 12:20:22","label":"request_start","context":{"uri":"/?action=qr_report","method":"GET","sapi":"cli-server","php_version":"8.1.34"}}
{"time":"2026-04-16 12:21:23","label":"request_start","context":{"uri":"/?action=qr_report","method":"GET","sapi":"cli-server","php_version":"8.1.34"}}
{"time":"2026-04-16 12:22:24","label":"request_start","context":{"uri":"/?action=qr_report","method":"GET","sapi":"cli-server","php_version":"8.1.34"}}
{"time":"2026-04-16 12:23:25","label":"request_start","context":{"uri":"/?action=qr_report","method":"GET","sapi":"cli-server","php_version":"8.1.34"}}
{"time":"2026-04-16 12:24:26","label":"request_start","context":{"uri":"/?action=qr_report","method":"GET","sapi":"cli-server","php_version":"8.1.34"}}
{"time":"2026-04-16 12:25:27","label":"request_start","context":{"uri":"/?action=qr_report","method":"GET","sapi":"cli-server","php_version":"8.1.34"}}
{"time":"2026-04-16 12:26:22","label":"request_start","context":{"uri":"/?action=qr_report","method":"GET","sapi":"cli-server","php_version":"8.1.34"}}
{"time":"2026-04-16 12:26:45","label":"request_start","context":{"uri":"/?action=events_list&limit=20","method":"GET","sapi":"cli-server","php_version":"8.1.34"}}
{"time":"2026-04-16 12:26:59","label":"request_start","context":{"uri":"/?action=events_list&limit=20","method":"GET","sapi":"cli-server","php_version":"8.1.34"}}
{"time":"2026-04-16 13:23:26","label":"request_start","context":{"uri":"/","method":"POST","sapi":"cli-server","php_version":"8.1.34"}}
{"time":"2026-04-16 13:23:26","label":"request_start","context":{"uri":"/","method":"POST","sapi":"cli-server","php_version":"8.1.34"}}
{"time":"2026-04-16 13:23:27","label":"request_start","context":{"uri":"/","method":"POST","sapi":"cli-server","php_version":"8.1.34"}}
{"time":"2026-04-16 13:23:27","label":"request_start","context":{"uri":"/","method":"POST","sapi":"cli-server","php_version":"8.1.34"}}
{"time":"2026-04-16 13:23:27","label":"request_start","context":{"uri":"/","method":"POST","sapi":"cli-server","php_version":"8.1.34"}}
{"time":"2026-04-16 13:23:27","label":"request_start","context":{"uri":"/","method":"POST","sapi":"cli-server","php_version":"8.1.34"}}
{"time":"2026-04-16 13:23:27","label":"request_start","context":{"uri":"/","method":"POST","sapi":"cli-server","php_version":"8.1.34"}}
{"time":"2026-04-16 13:23:28","label":"request_start","context":{"uri":"/","method":"POST","sapi":"cli-server","php_version":"8.1.34"}}
{"time":"2026-04-16 13:23:28","label":"request_start","context":{"uri":"/","method":"POST","sapi":"cli-server","php_version":"8.1.34"}}
{"time":"2026-04-16 13:23:28","label":"request_start","context":{"uri":"/","method":"POST","sapi":"cli-server","php_version":"8.1.34"}}
{"time":"2026-04-16 13:23:28","label":"request_start","context":{"uri":"/","method":"POST","sapi":"cli-server","php_version":"8.1.34"}}
{"time":"2026-04-16 13:23:28","label":"request_start","context":{"uri":"/","method":"POST","sapi":"cli-server","php_version":"8.1.34"}}
{"time":"2026-04-16 13:23:28","label":"request_start","context":{"uri":"/","method":"POST","sapi":"cli-server","php_version":"8.1.34"}}
{"time":"2026-04-16 13:23:29","label":"request_start","context":{"uri":"/","method":"POST","sapi":"cli-server","php_version":"8.1.34"}}
{"time":"2026-04-16 13:23:29","label":"request_start","context":{"uri":"/","method":"POST","sapi":"cli-server","php_version":"8.1.34"}}
{"time":"2026-04-16 13:23:52","label":"request_start","context":{"uri":"/","method":"POST","sapi":"cli-server","php_version":"8.1.34"}}
{"time":"2026-04-16 13:23:52","label":"request_start","context":{"uri":"/","method":"POST","sapi":"cli-server","php_version":"8.1.34"}}
{"time":"2026-04-16 13:23:52","label":"request_start","context":{"uri":"/","method":"POST","sapi":"cli-server","php_version":"8.1.34"}}
{"time":"2026-04-16 13:23:52","label":"request_start","context":{"uri":"/","method":"POST","sapi":"cli-server","php_version":"8.1.34"}}
{"time":"2026-04-16 13:23:52","label":"request_start","context":{"uri":"/","method":"POST","sapi":"cli-server","php_version":"8.1.34"}}
{"time":"2026-04-16 13:23:52","label":"request_start","context":{"uri":"/","method":"POST","sapi":"cli-server","php_version":"8.1.34"}}
{"time":"2026-04-16 13:23:52","label":"request_start","context":{"uri":"/","method":"POST","sapi":"cli-server","php_version":"8.1.34"}}
{"time":"2026-04-16 13:23:52","label":"request_start","context":{"uri":"/","method":"POST","sapi":"cli-server","php_version":"8.1.34"}}
{"time":"2026-04-16 13:23:53","label":"request_start","context":{"uri":"/","method":"POST","sapi":"cli-server","php_version":"8.1.34"}}
{"time":"2026-04-16 13:23:53","label":"request_start","context":{"uri":"/","method":"POST","sapi":"cli-server","php_version":"8.1.34"}}
{"time":"2026-04-16 13:23:53","label":"request_start","context":{"uri":"/","method":"POST","sapi":"cli-server","php_version":"8.1.34"}}
{"time":"2026-04-16 13:23:53","label":"request_start","context":{"uri":"/","method":"POST","sapi":"cli-server","php_version":"8.1.34"}}
{"time":"2026-04-16 13:23:53","label":"request_start","context":{"uri":"/","method":"POST","sapi":"cli-server","php_version":"8.1.34"}}
{"time":"2026-04-16 13:23:53","label":"request_start","context":{"uri":"/","method":"POST","sapi":"cli-server","php_version":"8.1.34"}}
{"time":"2026-04-16 13:23:53","label":"request_start","context":{"uri":"/","method":"POST","sapi":"cli-server","php_version":"8.1.34"}}
{"time":"2026-04-16 13:25:52","label":"request_start","context":{"uri":"/?action=verify&phone=9876543210","method":"GET","sapi":"cli-server","php_version":"8.1.34"}}
{"time":"2026-04-16 13:25:52","label":"request_start","context":{"uri":"/?action=redeem&phone=9876543210","method":"GET","sapi":"cli-server","php_version":"8.1.34"}}
{"time":"2026-04-16 13:30:53","label":"request_start","context":{"uri":"/","method":"POST","sapi":"cli-server","php_version":"8.1.34"}}
{"time":"2026-04-16 13:30:57","label":"request_start","context":{"uri":"/","method":"POST","sapi":"cli-server","php_version":"8.1.34"}}
{"time":"2026-04-16 13:31:19","label":"request_start","context":{"uri":"/","method":"POST","sapi":"cli-server","php_version":"8.1.34"}}
{"time":"2026-04-16 13:31:28","label":"request_start","context":{"uri":"/","method":"POST","sapi":"cli-server","php_version":"8.1.34"}}
{"time":"2026-04-16 13:31:38","label":"request_start","context":{"uri":"/","method":"POST","sapi":"cli-server","php_version":"8.1.34"}}
{"time":"2026-04-16 13:35:09","label":"request_start","context":{"uri":"/","method":"POST","sapi":"cli-server","php_version":"8.1.34"}}
{"time":"2026-04-16 13:35:14","label":"request_start","context":{"uri":"/?action=auth_me&token=eyJhbGciOiJIUzI1NiIsInR5cCI6IkpXVCJ9.eyJzdWIiOiI5MzcxNTE5OTk5Iiwicm9sZSI6InN1cGVyYWRtaW4iLCJuYW1lIjoiU3VwZXIgQWRtaW4iLCJpYXQiOjE3NzYzNDY1MTAsImV4cCI6MTc3NjM3NTMxMH0.2TOZ6afG5EX8o6i2IOA8Yrz142KnnKnfSWfNJVy3FgI","method":"GET","sapi":"cli-server","php_version":"8.1.34"}}
{"time":"2026-04-16 13:35:31","label":"request_start","context":{"uri":"/?action=auth_me&token=eyJhbGciOiJIUzI1NiIsInR5cCI6IkpXVCJ9.eyJzdWIiOiI5MzcxNTE5OTk5Iiwicm9sZSI6InN1cGVyYWRtaW4iLCJuYW1lIjoiU3VwZXIgQWRtaW4iLCJpYXQiOjE3NzYzNDY1MTAsImV4cCI6MTc3NjM3NTMxMH0.2TOZ6afG5EX8o6i2IOA8Yrz142KnnKnfSWfNJVy3FgI","method":"GET","sapi":"cli-server","php_version":"8.1.34"}}
{"time":"2026-04-16 13:35:33","label":"request_start","context":{"uri":"/?action=auth_me&token=eyJhbGciOiJIUzI1NiIsInR5cCI6IkpXVCJ9.eyJzdWIiOiI5MzcxNTE5OTk5Iiwicm9sZSI6InN1cGVyYWRtaW4iLCJuYW1lIjoiU3VwZXIgQWRtaW4iLCJpYXQiOjE3NzYzNDY1MTAsImV4cCI6MTc3NjM3NTMxMH0.2TOZ6afG5EX8o6i2IOA8Yrz142KnnKnfSWfNJVy3FgI","method":"GET","sapi":"cli-server","php_version":"8.1.34"}}
{"time":"2026-04-16 13:35:36","label":"request_start","context":{"uri":"/?action=auth_me&token=eyJhbGciOiJIUzI1NiIsInR5cCI6IkpXVCJ9.eyJzdWIiOiI5MzcxNTE5OTk5Iiwicm9sZSI6InN1cGVyYWRtaW4iLCJuYW1lIjoiU3VwZXIgQWRtaW4iLCJpYXQiOjE3NzYzNDY1MTAsImV4cCI6MTc3NjM3NTMxMH0.2TOZ6afG5EX8o6i2IOA8Yrz142KnnKnfSWfNJVy3FgI","method":"GET","sapi":"cli-server","php_version":"8.1.34"}}
{"time":"2026-04-16 13:35:38","label":"request_start","context":{"uri":"/?action=auth_me&token=eyJhbGciOiJIUzI1NiIsInR5cCI6IkpXVCJ9.eyJzdWIiOiI5MzcxNTE5OTk5Iiwicm9sZSI6InN1cGVyYWRtaW4iLCJuYW1lIjoiU3VwZXIgQWRtaW4iLCJpYXQiOjE3NzYzNDY1MTAsImV4cCI6MTc3NjM3NTMxMH0.2TOZ6afG5EX8o6i2IOA8Yrz142KnnKnfSWfNJVy3FgI","method":"GET","sapi":"cli-server","php_version":"8.1.34"}}
